Determining if the function log exists failed with the following output:
Change Dir: /mnt/c/users/Zachary McDaniel/Desktop/College/OpenSourceSoftware/Step5CmakeLab7/CMakeFiles/CMakeTmp

Run Build Command(s):/usr/bin/make -f Makefile cmTC_846c5/fast && /usr/bin/make  -f CMakeFiles/cmTC_846c5.dir/build.make CMakeFiles/cmTC_846c5.dir/build
make[1]: Entering directory '/mnt/c/users/Zachary McDaniel/Desktop/College/OpenSourceSoftware/Step5CmakeLab7/CMakeFiles/CMakeTmp'
Building C object CMakeFiles/cmTC_846c5.dir/CheckFunctionExists.c.o
/usr/bin/cc   -DCHECK_FUNCTION_EXISTS=log -o CMakeFiles/cmTC_846c5.dir/CheckFunctionExists.c.o -c /usr/local/share/cmake-3.22/Modules/CheckFunctionExists.c
<command-line>:0:23: warning: conflicting types for built-in function ‘log’ [-Wbuiltin-declaration-mismatch]
/usr/local/share/cmake-3.22/Modules/CheckFunctionExists.c:7:3: note: in expansion of macro ‘CHECK_FUNCTION_EXISTS’
   CHECK_FUNCTION_EXISTS(void);
   ^~~~~~~~~~~~~~~~~~~~~
Linking C executable cmTC_846c5
/usr/local/bin/cmake -E cmake_link_script CMakeFiles/cmTC_846c5.dir/link.txt --verbose=1
/usr/bin/cc  -DCHECK_FUNCTION_EXISTS=log -rdynamic CMakeFiles/cmTC_846c5.dir/CheckFunctionExists.c.o -o cmTC_846c5 
CMakeFiles/cmTC_846c5.dir/CheckFunctionExists.c.o: In function `main':
CheckFunctionExists.c:(.text+0x10): undefined reference to `log'
collect2: error: ld returned 1 exit status
CMakeFiles/cmTC_846c5.dir/build.make:98: recipe for target 'cmTC_846c5' failed
make[1]: *** [cmTC_846c5] Error 1
make[1]: Leaving directory '/mnt/c/users/Zachary McDaniel/Desktop/College/OpenSourceSoftware/Step5CmakeLab7/CMakeFiles/CMakeTmp'
Makefile:127: recipe for target 'cmTC_846c5/fast' failed
make: *** [cmTC_846c5/fast] Error 2



Determining if the function exp exists failed with the following output:
Change Dir: /mnt/c/users/Zachary McDaniel/Desktop/College/OpenSourceSoftware/Step5CmakeLab7/CMakeFiles/CMakeTmp

Run Build Command(s):/usr/bin/make -f Makefile cmTC_394b2/fast && /usr/bin/make  -f CMakeFiles/cmTC_394b2.dir/build.make CMakeFiles/cmTC_394b2.dir/build
make[1]: Entering directory '/mnt/c/users/Zachary McDaniel/Desktop/College/OpenSourceSoftware/Step5CmakeLab7/CMakeFiles/CMakeTmp'
Building C object CMakeFiles/cmTC_394b2.dir/CheckFunctionExists.c.o
/usr/bin/cc   -DCHECK_FUNCTION_EXISTS=exp -o CMakeFiles/cmTC_394b2.dir/CheckFunctionExists.c.o -c /usr/local/share/cmake-3.22/Modules/CheckFunctionExists.c
<command-line>:0:23: warning: conflicting types for built-in function ‘exp’ [-Wbuiltin-declaration-mismatch]
/usr/local/share/cmake-3.22/Modules/CheckFunctionExists.c:7:3: note: in expansion of macro ‘CHECK_FUNCTION_EXISTS’
   CHECK_FUNCTION_EXISTS(void);
   ^~~~~~~~~~~~~~~~~~~~~
Linking C executable cmTC_394b2
/usr/local/bin/cmake -E cmake_link_script CMakeFiles/cmTC_394b2.dir/link.txt --verbose=1
/usr/bin/cc  -DCHECK_FUNCTION_EXISTS=exp -rdynamic CMakeFiles/cmTC_394b2.dir/CheckFunctionExists.c.o -o cmTC_394b2 
CMakeFiles/cmTC_394b2.dir/CheckFunctionExists.c.o: In function `main':
CheckFunctionExists.c:(.text+0x10): undefined reference to `exp'
collect2: error: ld returned 1 exit status
CMakeFiles/cmTC_394b2.dir/build.make:98: recipe for target 'cmTC_394b2' failed
make[1]: *** [cmTC_394b2] Error 1
make[1]: Leaving directory '/mnt/c/users/Zachary McDaniel/Desktop/College/OpenSourceSoftware/Step5CmakeLab7/CMakeFiles/CMakeTmp'
Makefile:127: recipe for target 'cmTC_394b2/fast' failed
make: *** [cmTC_394b2/fast] Error 2



